# JRE version: OpenJDK Runtime Environment Zulu24.30+11-CA (24.0.1+9) (build 24.0.1+9)
# Java VM: OpenJDK 64-Bit Server VM Zulu24.30+11-CA (24.0.1+9, mixed mode, sharing, tiered, compressed oops, compressed class ptrs, g1 gc, windows-amd64)
GC Precious Log:
 CardTable entry size: 512
 Card Set container configuration: InlinePtr #cards 5 size 8 Array Of Cards #cards 10 size 36 Howl #buckets 4 coarsen threshold 1843 Howl Bitmap #cards 512 size 80 coarsen threshold 460 Card regions per heap region 1 cards per card region 2048
 CPUs: 4 total, 4 available
 Memory: 4007M
 Large Page Support: Disabled
 NUMA Support: Disabled
 Compressed Oops: Enabled (32-bit)
 Heap Region Size: 1M
 Heap Min Capacity: 8M
 Heap Initial Capacity: 64M
 Heap Max Capacity: 1002M
 Pre-touch: Disabled
 Parallel Workers: 4
 Concurrent Workers: 1
 Concurrent Refinement Workers: 4
 Periodic GC: Disabled
Heap:
 garbage-first heap   total reserved 1026048K, committed 120832K, used 71168K [0x00000000c1600000, 0x0000000100000000)
  region size 1024K, 15 young (15360K), 3 survivors (3072K)
 Metaspace       used 32330K, committed 32832K, reserved 1114112K
  class space    used 3164K, committed 3392K, reserved 1048576K
GC Heap History (20 events):
Event: 4.580 GC heap before
{Heap before GC invocations=4 (full 0):
 garbage-first heap   total reserved 1026048K, committed 67584K, used 46226K [0x00000000c1600000, 0x0000000100000000)
  region size 1024K, 36 young (36864K), 5 survivors (5120K)
 Metaspace       used 16192K, committed 16448K, reserved 1114112K
  class space    used 1555K, committed 1664K, reserved 1048576K
}
Event: 4.589 GC heap after
{Heap after GC invocations=5 (full 0):
 garbage-first heap   total reserved 1026048K, committed 67584K, used 16059K [0x00000000c1600000, 0x0000000100000000)
  region size 1024K, 2 young (2048K), 2 survivors (2048K)
 Metaspace       used 16192K, committed 16448K, reserved 1114112K
  class space    used 1555K, committed 1664K, reserved 1048576K
}
Event: 5.583 GC heap before
{Heap before GC invocations=5 (full 0):
 garbage-first heap   total reserved 1026048K, committed 67584K, used 49851K [0x00000000c1600000, 0x0000000100000000)
  region size 1024K, 35 young (35840K), 2 survivors (2048K)
 Metaspace       used 17780K, committed 18048K, reserved 1114112K
  class space    used 1702K, committed 1792K, reserved 1048576K
}
Event: 5.589 GC heap after
{Heap after GC invocations=6 (full 0):
 garbage-first heap   total reserved 1026048K, committed 81920K, used 17484K [0x00000000c1600000, 0x0000000100000000)
  region size 1024K, 4 young (4096K), 4 survivors (4096K)
 Metaspace       used 17780K, committed 18048K, reserved 1114112K
  class space    used 1702K, committed 1792K, reserved 1048576K
}
Event: 6.326 GC heap before
{Heap before GC invocations=6 (full 0):
 garbage-first heap   total reserved 1026048K, committed 81920K, used 50252K [0x00000000c1600000, 0x0000000100000000)
  region size 1024K, 33 young (33792K), 4 survivors (4096K)
 Metaspace       used 21202K, committed 21504K, reserved 1114112K
  class space    used 2046K, committed 2176K, reserved 1048576K
}
Event: 6.343 GC heap after
{Heap after GC invocations=7 (full 0):
 garbage-first heap   total reserved 1026048K, committed 81920K, used 26308K [0x00000000c1600000, 0x0000000100000000)
  region size 1024K, 6 young (6144K), 6 survivors (6144K)
 Metaspace       used 21202K, committed 21504K, reserved 1114112K
  class space    used 2046K, committed 2176K, reserved 1048576K
}
Event: 7.632 GC heap before
{Heap before GC invocations=8 (full 0):
 garbage-first heap   total reserved 1026048K, committed 81920K, used 64196K [0x00000000c1600000, 0x0000000100000000)
  region size 1024K, 42 young (43008K), 6 survivors (6144K)
 Metaspace       used 26140K, committed 26496K, reserved 1114112K
  class space    used 2534K, committed 2688K, reserved 1048576K
}
Event: 7.660 GC heap after
{Heap after GC invocations=9 (full 0):
 garbage-first heap   total reserved 1026048K, committed 84992K, used 41072K [0x00000000c1600000, 0x0000000100000000)
  region size 1024K, 6 young (6144K), 6 survivors (6144K)
 Metaspace       used 26140K, committed 26496K, reserved 1114112K
  class space    used 2534K, committed 2688K, reserved 1048576K
}
Event: 8.484 GC heap before
{Heap before GC invocations=9 (full 0):
 garbage-first heap   total reserved 1026048K, committed 84992K, used 67696K [0x00000000c1600000, 0x0000000100000000)
  region size 1024K, 32 young (32768K), 6 survivors (6144K)
 Metaspace       used 27725K, committed 28096K, reserved 1114112K
  class space    used 2728K, committed 2880K, reserved 1048576K
}
Event: 8.503 GC heap after
{Heap after GC invocations=10 (full 0):
 garbage-first heap   total reserved 1026048K, committed 84992K, used 45568K [0x00000000c1600000, 0x0000000100000000)
  region size 1024K, 4 young (4096K), 4 survivors (4096K)
 Metaspace       used 27725K, committed 28096K, reserved 1114112K
  class space    used 2728K, committed 2880K, reserved 1048576K
}
Event: 9.492 GC heap before
{Heap before GC invocations=10 (full 0):
 garbage-first heap   total reserved 1026048K, committed 84992K, used 67072K [0x00000000c1600000, 0x0000000100000000)
  region size 1024K, 26 young (26624K), 4 survivors (4096K)
 Metaspace       used 29070K, committed 29504K, reserved 1114112K
  class space    used 2886K, committed 3072K, reserved 1048576K
}
Event: 9.505 GC heap after
{Heap after GC invocations=11 (full 0):
 garbage-first heap   total reserved 1026048K, committed 84992K, used 46463K [0x00000000c1600000, 0x0000000100000000)
  region size 1024K, 2 young (2048K), 2 survivors (2048K)
 Metaspace       used 29070K, committed 29504K, reserved 1114112K
  class space    used 2886K, committed 3072K, reserved 1048576K
}
Event: 10.032 GC heap before
{Heap before GC invocations=12 (full 0):
 garbage-first heap   total reserved 1026048K, committed 84992K, used 77183K [0x00000000c1600000, 0x0000000100000000)
  region size 1024K, 27 young (27648K), 2 survivors (2048K)
 Metaspace       used 29134K, committed 29568K, reserved 1114112K
  class space    used 2886K, committed 3072K, reserved 1048576K
}
Event: 10.059 GC heap after
{Heap after GC invocations=13 (full 0):
 garbage-first heap   total reserved 1026048K, committed 90112K, used 60416K [0x00000000c1600000, 0x0000000100000000)
  region size 1024K, 4 young (4096K), 4 survivors (4096K)
 Metaspace       used 29134K, committed 29568K, reserved 1114112K
  class space    used 2886K, committed 3072K, reserved 1048576K
}
Event: 10.285 GC heap before
{Heap before GC invocations=13 (full 0):
 garbage-first heap   total reserved 1026048K, committed 90112K, used 74752K [0x00000000c1600000, 0x0000000100000000)
  region size 1024K, 19 young (19456K), 4 survivors (4096K)
 Metaspace       used 29138K, committed 29568K, reserved 1114112K
  class space    used 2886K, committed 3072K, reserved 1048576K
}
Event: 10.297 GC heap after
{Heap after GC invocations=14 (full 0):
 garbage-first heap   total reserved 1026048K, committed 90112K, used 56832K [0x00000000c1600000, 0x0000000100000000)
  region size 1024K, 3 young (3072K), 3 survivors (3072K)
 Metaspace       used 29138K, committed 29568K, reserved 1114112K
  class space    used 2886K, committed 3072K, reserved 1048576K
}
Event: 10.640 GC heap before
{Heap before GC invocations=14 (full 0):
 garbage-first heap   total reserved 1026048K, committed 90112K, used 74240K [0x00000000c1600000, 0x0000000100000000)
  region size 1024K, 20 young (20480K), 3 survivors (3072K)
 Metaspace       used 29153K, committed 29568K, reserved 1114112K
  class space    used 2886K, committed 3072K, reserved 1048576K
}
Event: 10.657 GC heap after
{Heap after GC invocations=15 (full 0):
 garbage-first heap   total reserved 1026048K, committed 120832K, used 61440K [0x00000000c1600000, 0x0000000100000000)
  region size 1024K, 3 young (3072K), 3 survivors (3072K)
 Metaspace       used 29153K, committed 29568K, reserved 1114112K
  class space    used 2886K, committed 3072K, reserved 1048576K
}
Event: 12.656 GC heap before
{Heap before GC invocations=15 (full 0):
 garbage-first heap   total reserved 1026048K, committed 120832K, used 97280K [0x00000000c1600000, 0x0000000100000000)
  region size 1024K, 38 young (38912K), 3 survivors (3072K)
 Metaspace       used 30799K, committed 31296K, reserved 1114112K
  class space    used 2997K, committed 3200K, reserved 1048576K
}
Event: 12.668 GC heap after
{Heap after GC invocations=16 (full 0):
 garbage-first heap   total reserved 1026048K, committed 120832K, used 61952K [0x00000000c1600000, 0x0000000100000000)
  region size 1024K, 3 young (3072K), 3 survivors (3072K)
 Metaspace       used 30799K, committed 31296K, reserved 1114112K
  class space    used 2997K, committed 3200K, reserved 1048576K
}

