# JRE version: OpenJDK Runtime Environment Zulu24.30+11-CA (24.0.1+9) (build 24.0.1+9)
# Java VM: OpenJDK 64-Bit Server VM Zulu24.30+11-CA (24.0.1+9, mixed mode, emulated-client, sharing, tiered, compressed oops, compressed class ptrs, g1 gc, windows-amd64)
GC Precious Log:
 CardTable entry size: 512
 Card Set container configuration: InlinePtr #cards 5 size 8 Array Of Cards #cards 10 size 36 Howl #buckets 4 coarsen threshold 1843 Howl Bitmap #cards 512 size 80 coarsen threshold 460 Card regions per heap region 1 cards per card region 2048
 CPUs: 4 total, 4 available
 Memory: 4007M
 Large Page Support: Disabled
 NUMA Support: Disabled
 Compressed Oops: Enabled (32-bit)
 Heap Region Size: 1M
 Heap Min Capacity: 8M
 Heap Initial Capacity: 64M
 Heap Max Capacity: 1002M
 Pre-touch: Disabled
 Parallel Workers: 4
 Concurrent Workers: 1
 Concurrent Refinement Workers: 4
 Periodic GC: Disabled
Heap:
 garbage-first heap   total reserved 1026048K, committed 70656K, used 45138K [0x00000000c1600000, 0x0000000100000000)
  region size 1024K, 6 young (6144K), 2 survivors (2048K)
 Metaspace       used 86860K, committed 87296K, reserved 1179648K
  class space    used 10195K, committed 10368K, reserved 1048576K
GC Heap History (20 events):
Event: 8.344 GC heap before
{Heap before GC invocations=9 (full 0):
 garbage-first heap   total reserved 1026048K, committed 67584K, used 55603K [0x00000000c1600000, 0x0000000100000000)
  region size 1024K, 31 young (31744K), 2 survivors (2048K)
 Metaspace       used 43838K, committed 44288K, reserved 1114112K
  class space    used 4942K, committed 5120K, reserved 1048576K
}
Event: 8.355 GC heap after
{Heap after GC invocations=10 (full 0):
 garbage-first heap   total reserved 1026048K, committed 67584K, used 28617K [0x00000000c1600000, 0x0000000100000000)
  region size 1024K, 4 young (4096K), 4 survivors (4096K)
 Metaspace       used 43838K, committed 44288K, reserved 1114112K
  class space    used 4942K, committed 5120K, reserved 1048576K
}
Event: 10.983 GC heap before
{Heap before GC invocations=10 (full 0):
 garbage-first heap   total reserved 1026048K, committed 67584K, used 57289K [0x00000000c1600000, 0x0000000100000000)
  region size 1024K, 32 young (32768K), 4 survivors (4096K)
 Metaspace       used 55037K, committed 55488K, reserved 1114112K
  class space    used 6029K, committed 6208K, reserved 1048576K
}
Event: 10.999 GC heap after
{Heap after GC invocations=11 (full 0):
 garbage-first heap   total reserved 1026048K, committed 67584K, used 30732K [0x00000000c1600000, 0x0000000100000000)
  region size 1024K, 3 young (3072K), 3 survivors (3072K)
 Metaspace       used 55037K, committed 55488K, reserved 1114112K
  class space    used 6029K, committed 6208K, reserved 1048576K
}
Event: 11.614 GC heap before
{Heap before GC invocations=11 (full 0):
 garbage-first heap   total reserved 1026048K, committed 67584K, used 47116K [0x00000000c1600000, 0x0000000100000000)
  region size 1024K, 21 young (21504K), 3 survivors (3072K)
 Metaspace       used 60556K, committed 61056K, reserved 1114112K
  class space    used 6551K, committed 6784K, reserved 1048576K
}
Event: 11.618 GC heap after
{Heap after GC invocations=12 (full 0):
 garbage-first heap   total reserved 1026048K, committed 67584K, used 31814K [0x00000000c1600000, 0x0000000100000000)
  region size 1024K, 2 young (2048K), 2 survivors (2048K)
 Metaspace       used 60556K, committed 61056K, reserved 1114112K
  class space    used 6551K, committed 6784K, reserved 1048576K
}
Event: 12.381 GC heap before
{Heap before GC invocations=13 (full 0):
 garbage-first heap   total reserved 1026048K, committed 67584K, used 58438K [0x00000000c1600000, 0x0000000100000000)
  region size 1024K, 28 young (28672K), 2 survivors (2048K)
 Metaspace       used 67688K, committed 68224K, reserved 1114112K
  class space    used 7588K, committed 7808K, reserved 1048576K
}
Event: 12.384 GC heap after
{Heap after GC invocations=14 (full 0):
 garbage-first heap   total reserved 1026048K, committed 67584K, used 32796K [0x00000000c1600000, 0x0000000100000000)
  region size 1024K, 3 young (3072K), 3 survivors (3072K)
 Metaspace       used 67688K, committed 68224K, reserved 1114112K
  class space    used 7588K, committed 7808K, reserved 1048576K
}
Event: 15.830 GC heap before
{Heap before GC invocations=14 (full 0):
 garbage-first heap   total reserved 1026048K, committed 67584K, used 59420K [0x00000000c1600000, 0x0000000100000000)
  region size 1024K, 29 young (29696K), 3 survivors (3072K)
 Metaspace       used 70960K, committed 71488K, reserved 1114112K
  class space    used 7947K, committed 8192K, reserved 1048576K
}
Event: 15.844 GC heap after
{Heap after GC invocations=15 (full 0):
 garbage-first heap   total reserved 1026048K, committed 67584K, used 34271K [0x00000000c1600000, 0x0000000100000000)
  region size 1024K, 4 young (4096K), 4 survivors (4096K)
 Metaspace       used 70960K, committed 71488K, reserved 1114112K
  class space    used 7947K, committed 8192K, reserved 1048576K
}
Event: 16.312 GC heap before
{Heap before GC invocations=15 (full 0):
 garbage-first heap   total reserved 1026048K, committed 67584K, used 57823K [0x00000000c1600000, 0x0000000100000000)
  region size 1024K, 28 young (28672K), 4 survivors (4096K)
 Metaspace       used 72850K, committed 73408K, reserved 1114112K
  class space    used 8213K, committed 8448K, reserved 1048576K
}
Event: 16.321 GC heap after
{Heap after GC invocations=16 (full 0):
 garbage-first heap   total reserved 1026048K, committed 67584K, used 35716K [0x00000000c1600000, 0x0000000100000000)
  region size 1024K, 4 young (4096K), 4 survivors (4096K)
 Metaspace       used 72850K, committed 73408K, reserved 1114112K
  class space    used 8213K, committed 8448K, reserved 1048576K
}
Event: 16.726 GC heap before
{Heap before GC invocations=17 (full 0):
 garbage-first heap   total reserved 1026048K, committed 67584K, used 58244K [0x00000000c1600000, 0x0000000100000000)
  region size 1024K, 26 young (26624K), 4 survivors (4096K)
 Metaspace       used 74336K, committed 75008K, reserved 1179648K
  class space    used 8443K, committed 8704K, reserved 1048576K
}
Event: 16.733 GC heap after
{Heap after GC invocations=18 (full 0):
 garbage-first heap   total reserved 1026048K, committed 67584K, used 37163K [0x00000000c1600000, 0x0000000100000000)
  region size 1024K, 3 young (3072K), 3 survivors (3072K)
 Metaspace       used 74336K, committed 75008K, reserved 1179648K
  class space    used 8443K, committed 8704K, reserved 1048576K
}
Event: 106.878 GC heap before
{Heap before GC invocations=18 (full 0):
 garbage-first heap   total reserved 1026048K, committed 67584K, used 59691K [0x00000000c1600000, 0x0000000100000000)
  region size 1024K, 25 young (25600K), 3 survivors (3072K)
 Metaspace       used 76762K, committed 77376K, reserved 1179648K
  class space    used 8728K, committed 8960K, reserved 1048576K
}
Event: 107.271 GC heap after
{Heap after GC invocations=19 (full 0):
 garbage-first heap   total reserved 1026048K, committed 67584K, used 37801K [0x00000000c1600000, 0x0000000100000000)
  region size 1024K, 3 young (3072K), 3 survivors (3072K)
 Metaspace       used 76762K, committed 77376K, reserved 1179648K
  class space    used 8728K, committed 8960K, reserved 1048576K
}
Event: 146.616 GC heap before
{Heap before GC invocations=19 (full 0):
 garbage-first heap   total reserved 1026048K, committed 67584K, used 58281K [0x00000000c1600000, 0x0000000100000000)
  region size 1024K, 24 young (24576K), 3 survivors (3072K)
 Metaspace       used 81784K, committed 82368K, reserved 1179648K
  class space    used 9324K, committed 9536K, reserved 1048576K
}
Event: 146.798 GC heap after
{Heap after GC invocations=20 (full 0):
 garbage-first heap   total reserved 1026048K, committed 67584K, used 41572K [0x00000000c1600000, 0x0000000100000000)
  region size 1024K, 3 young (3072K), 3 survivors (3072K)
 Metaspace       used 81784K, committed 82368K, reserved 1179648K
  class space    used 9324K, committed 9536K, reserved 1048576K
}
Event: 155.697 GC heap before
{Heap before GC invocations=21 (full 0):
 garbage-first heap   total reserved 1026048K, committed 70656K, used 58980K [0x00000000c1600000, 0x0000000100000000)
  region size 1024K, 21 young (21504K), 3 survivors (3072K)
 Metaspace       used 85941K, committed 86464K, reserved 1179648K
  class space    used 10102K, committed 10304K, reserved 1048576K
}
Event: 155.798 GC heap after
{Heap after GC invocations=22 (full 0):
 garbage-first heap   total reserved 1026048K, committed 70656K, used 43090K [0x00000000c1600000, 0x0000000100000000)
  region size 1024K, 2 young (2048K), 2 survivors (2048K)
 Metaspace       used 85941K, committed 86464K, reserved 1179648K
  class space    used 10102K, committed 10304K, reserved 1048576K
}

